<?xml version="1.0" encoding="UTF-8"?>
<!-- Generated by org.testng.reporters.JUnitReportReporter -->
<testsuite name="com.twitter.application.RateLimitStatus" tests="1" time="3.152" ignored="0" failures="0" timestamp="03 Dec 2017 11:36:30 GMT" skipped="0" hostname="MUMUSING-IN" errors="0">
  <testcase name="rateLimitStatus" time="3.152" classname="com.twitter.application.RateLimitStatus"/>
</testsuite> <!-- com.twitter.application.RateLimitStatus -->
