<?xml version="1.0" encoding="UTF-8"?>
<!-- Generated by org.testng.reporters.JUnitReportReporter -->
<testsuite name="com.twitter.blocks.BlockUser" tests="1" time="2.259" ignored="0" failures="0" timestamp="03 Dec 2017 12:31:25 GMT" skipped="0" hostname="MUMUSING-IN" errors="0">
  <testcase name="verifyBlockId" time="2.259" classname="com.twitter.blocks.BlockUser"/>
</testsuite> <!-- com.twitter.blocks.BlockUser -->
