<?xml version="1.0" encoding="UTF-8"?>
<!-- Generated by org.testng.reporters.JUnitReportReporter -->
<testsuite name="com.twitter.blocks.BlockId" tests="2" time="3.838" ignored="0" failures="0" timestamp="03 Dec 2017 13:21:19 GMT" skipped="0" hostname="MUMUSING-IN" errors="0">
  <testcase name="verifyBlockUserList" time="0.725" classname="com.twitter.blocks.BlockId"/>
  <testcase name="verifyBlockId" time="3.113" classname="com.twitter.blocks.BlockId"/>
</testsuite> <!-- com.twitter.blocks.BlockId -->
