<?xml version="1.0" encoding="UTF-8"?>
<!-- Generated by org.testng.reporters.JUnitReportReporter -->
<testsuite name="com.twitter.blocks.Blocklist" tests="1" time="1.772" ignored="0" failures="0" timestamp="03 Dec 2017 13:00:25 GMT" skipped="0" hostname="MUMUSING-IN" errors="0">
  <testcase name="verifyBlockId" time="1.772" classname="com.twitter.blocks.Blocklist"/>
</testsuite> <!-- com.twitter.blocks.Blocklist -->
