<?xml version="1.0" encoding="UTF-8"?>
<!-- Generated by org.testng.reporters.JUnitReportReporter -->
<testsuite name="com.twitter.account.AccountSettingsTest" tests="2" time="4.217" ignored="0" failures="0" timestamp="01 Dec 2017 20:58:49 GMT" skipped="0" hostname="MUMUSING-IN" errors="0">
  <testcase name="verifyCredentials" time="0.776" classname="com.twitter.account.AccountSettingsTest"/>
  <testcase name="getSettings" time="3.441" classname="com.twitter.account.AccountSettingsTest"/>
</testsuite> <!-- com.twitter.account.AccountSettingsTest -->
