<?xml version="1.0" encoding="UTF-8"?>
<!-- Generated by org.testng.reporters.JUnitReportReporter -->
<testsuite name="com.twitter.get.statuses.TwitterEndToEndWorkflow" tests="1" time="22.569" ignored="0" failures="0" timestamp="10 Aug 2018 06:00:44 GMT" skipped="0" hostname="MUMUSING-LAP" errors="0">
  <testcase name="postTweet" time="22.569" classname="com.twitter.get.statuses.TwitterEndToEndWorkflow"/>
</testsuite> <!-- com.twitter.get.statuses.TwitterEndToEndWorkflow -->
